-------------------------------------------------------------------------------
Test set: br.espm.cambio.CambioApplicationTests
-------------------------------------------------------------------------------
Tests run: 1, Failures: 0, Errors: 1, Skipped: 0, Time elapsed: 4.991 s <<< FAILURE! - in br.espm.cambio.CambioApplicationTests
contextLoads  Time elapsed: 0.008 s  <<< ERROR!
java.lang.IllegalStateException: Failed to load ApplicationContext
Caused by: org.springframework.beans.factory.UnsatisfiedDependencyException: Error creating bean with name 'cambioResource': Unsatisfied dependency expressed through field 'cotacaoService'; nested exception is org.springframework.beans.factory.UnsatisfiedDependencyException: Error creating bean with name 'cotacaoService': Unsatisfied dependency expressed through field 'cotacaoRepository'; nested exception is org.springframework.beans.factory.BeanCreationException: Error creating bean with name 'cotacaoRepository' defined in br.espm.cambio.CotacaoRepository defined in @EnableJpaRepositories declared on JpaRepositoriesRegistrar.EnableJpaRepositoriesConfiguration: Invocation of init method failed; nested exception is org.springframework.data.repository.query.QueryCreationException: Could not create query for public abstract java.util.Optional br.espm.cambio.CotacaoRepository.findBySimbolo(java.lang.String)! Reason: Validation failed for query for method public abstract java.util.Optional br.espm.cambio.CotacaoRepository.findBySimbolo(java.lang.String)!; nested exception is java.lang.IllegalArgumentException: Validation failed for query for method public abstract java.util.Optional br.espm.cambio.CotacaoRepository.findBySimbolo(java.lang.String)!
Caused by: org.springframework.beans.factory.UnsatisfiedDependencyException: Error creating bean with name 'cotacaoService': Unsatisfied dependency expressed through field 'cotacaoRepository'; nested exception is org.springframework.beans.factory.BeanCreationException: Error creating bean with name 'cotacaoRepository' defined in br.espm.cambio.CotacaoRepository defined in @EnableJpaRepositories declared on JpaRepositoriesRegistrar.EnableJpaRepositoriesConfiguration: Invocation of init method failed; nested exception is org.springframework.data.repository.query.QueryCreationException: Could not create query for public abstract java.util.Optional br.espm.cambio.CotacaoRepository.findBySimbolo(java.lang.String)! Reason: Validation failed for query for method public abstract java.util.Optional br.espm.cambio.CotacaoRepository.findBySimbolo(java.lang.String)!; nested exception is java.lang.IllegalArgumentException: Validation failed for query for method public abstract java.util.Optional br.espm.cambio.CotacaoRepository.findBySimbolo(java.lang.String)!
Caused by: org.springframework.beans.factory.BeanCreationException: Error creating bean with name 'cotacaoRepository' defined in br.espm.cambio.CotacaoRepository defined in @EnableJpaRepositories declared on JpaRepositoriesRegistrar.EnableJpaRepositoriesConfiguration: Invocation of init method failed; nested exception is org.springframework.data.repository.query.QueryCreationException: Could not create query for public abstract java.util.Optional br.espm.cambio.CotacaoRepository.findBySimbolo(java.lang.String)! Reason: Validation failed for query for method public abstract java.util.Optional br.espm.cambio.CotacaoRepository.findBySimbolo(java.lang.String)!; nested exception is java.lang.IllegalArgumentException: Validation failed for query for method public abstract java.util.Optional br.espm.cambio.CotacaoRepository.findBySimbolo(java.lang.String)!
Caused by: org.springframework.data.repository.query.QueryCreationException: Could not create query for public abstract java.util.Optional br.espm.cambio.CotacaoRepository.findBySimbolo(java.lang.String)! Reason: Validation failed for query for method public abstract java.util.Optional br.espm.cambio.CotacaoRepository.findBySimbolo(java.lang.String)!; nested exception is java.lang.IllegalArgumentException: Validation failed for query for method public abstract java.util.Optional br.espm.cambio.CotacaoRepository.findBySimbolo(java.lang.String)!
Caused by: java.lang.IllegalArgumentException: Validation failed for query for method public abstract java.util.Optional br.espm.cambio.CotacaoRepository.findBySimbolo(java.lang.String)!
Caused by: java.lang.IllegalArgumentException: org.hibernate.hql.internal.ast.QuerySyntaxException: Invalid path: 'm.idMoeda' [SELECT c from br.espm.cambio.CotacaoModel c WHERE c.idMoeda = m.idMoeda]
Caused by: org.hibernate.hql.internal.ast.QuerySyntaxException: Invalid path: 'm.idMoeda' [SELECT c from br.espm.cambio.CotacaoModel c WHERE c.idMoeda = m.idMoeda]

